2022-10-03 20:16:36,566 INFO o.a.j.u.JMeterUtils: Setting Locale to en_US
2022-10-03 20:16:36,585 INFO o.a.j.JMeter: Loading user properties from: user.properties
2022-10-03 20:16:36,586 INFO o.a.j.JMeter: Loading system properties from: system.properties
2022-10-03 20:16:36,602 INFO o.a.j.JMeter: Copyright (c) 1998-2022 The Apache Software Foundation
2022-10-03 20:16:36,602 INFO o.a.j.JMeter: Version 5.5
2022-10-03 20:16:36,602 INFO o.a.j.JMeter: java.version=1.8.0_291
2022-10-03 20:16:36,603 INFO o.a.j.JMeter: java.vm.name=Java HotSpot(TM) 64-Bit Server VM
2022-10-03 20:16:36,603 INFO o.a.j.JMeter: os.name=Windows 10
2022-10-03 20:16:36,603 INFO o.a.j.JMeter: os.arch=amd64
2022-10-03 20:16:36,603 INFO o.a.j.JMeter: os.version=10.0
2022-10-03 20:16:36,603 INFO o.a.j.JMeter: file.encoding=Cp1252
2022-10-03 20:16:36,603 INFO o.a.j.JMeter: java.awt.headless=null
2022-10-03 20:16:36,603 INFO o.a.j.JMeter: Max memory     =1883242496
2022-10-03 20:16:36,603 INFO o.a.j.JMeter: Available Processors =8
2022-10-03 20:16:36,613 INFO o.a.j.JMeter: Default Locale=English (United States)
2022-10-03 20:16:36,614 INFO o.a.j.JMeter: JMeter  Locale=English (United States)
2022-10-03 20:16:36,614 INFO o.a.j.JMeter: JMeterHome=S:\Jmeter\apache-jmeter-5.5
2022-10-03 20:16:36,614 INFO o.a.j.JMeter: user.dir  =S:\Jmeter\apache-jmeter-5.5\bin
2022-10-03 20:16:36,615 INFO o.a.j.JMeter: PWD       =S:\Jmeter\apache-jmeter-5.5\bin
2022-10-03 20:16:36,616 INFO o.a.j.JMeter: IP: 192.168.0.100 Name: DESKTOP-VO1IANP FullName: DESKTOP-VO1IANP
2022-10-03 20:16:36,645 INFO o.a.j.JMeter: Loaded icon properties from org/apache/jmeter/images/icon.properties
2022-10-03 20:16:36,895 INFO o.a.j.JMeterGuiLauncher: Setting LAF to: com.github.weisj.darklaf.DarkLaf:com.github.weisj.darklaf.theme.DarculaTheme
2022-10-03 20:16:51,193 INFO o.a.j.s.FileServer: Default base='S:\Jmeter\apache-jmeter-5.5\bin'
2022-10-03 20:16:51,199 INFO o.a.j.g.a.Load: Loading file: S:\Jmeter\apache-jmeter-5.5\bin\Dmoney-User-API-Test.jmx
2022-10-03 20:16:51,200 INFO o.a.j.s.FileServer: Set new base='S:\Jmeter\apache-jmeter-5.5\bin'
2022-10-03 20:16:51,481 INFO o.a.j.s.SaveService: Testplan (JMX) version: 2.2. Testlog (JTL) version: 2.2
2022-10-03 20:16:51,503 INFO o.a.j.s.SaveService: Using SaveService properties file encoding UTF-8
2022-10-03 20:16:51,506 INFO o.a.j.s.SaveService: Using SaveService properties version 5.0
2022-10-03 20:16:51,511 INFO o.a.j.s.SaveService: Loading file: S:\Jmeter\apache-jmeter-5.5\bin\Dmoney-User-API-Test.jmx
2022-10-03 20:16:51,558 INFO o.a.j.p.h.s.HTTPSamplerBase: Parser for text/html is org.apache.jmeter.protocol.http.parser.LagartoBasedHtmlParser
2022-10-03 20:16:51,559 INFO o.a.j.p.h.s.HTTPSamplerBase: Parser for application/xhtml+xml is org.apache.jmeter.protocol.http.parser.LagartoBasedHtmlParser
2022-10-03 20:16:51,559 INFO o.a.j.p.h.s.HTTPSamplerBase: Parser for application/xml is org.apache.jmeter.protocol.http.parser.LagartoBasedHtmlParser
2022-10-03 20:16:51,559 INFO o.a.j.p.h.s.HTTPSamplerBase: Parser for text/xml is org.apache.jmeter.protocol.http.parser.LagartoBasedHtmlParser
2022-10-03 20:16:51,559 INFO o.a.j.p.h.s.HTTPSamplerBase: Parser for text/vnd.wap.wml is org.apache.jmeter.protocol.http.parser.RegexpHTMLParser
2022-10-03 20:16:51,559 INFO o.a.j.p.h.s.HTTPSamplerBase: Parser for text/css is org.apache.jmeter.protocol.http.parser.CssParser
2022-10-03 20:16:51,995 INFO o.a.j.s.SampleResult: Note: Sample TimeStamps are START times
2022-10-03 20:16:51,996 INFO o.a.j.s.SampleResult: sampleresult.default.encoding is set to ISO-8859-1
2022-10-03 20:16:51,996 INFO o.a.j.s.SampleResult: sampleresult.useNanoTime=true
2022-10-03 20:16:51,996 INFO o.a.j.s.SampleResult: sampleresult.nanoThreadSleep=5000
2022-10-03 20:16:52,465 INFO o.a.j.s.FileServer: Set new base='S:\Jmeter\apache-jmeter-5.5\bin'
2022-10-03 20:17:43,562 INFO o.a.j.e.StandardJMeterEngine: Running the test!
2022-10-03 20:17:43,563 INFO o.a.j.s.SampleEvent: List of sample_variables: []
2022-10-03 20:17:43,564 INFO o.a.j.s.SampleEvent: List of sample_variables: []
2022-10-03 20:17:43,566 INFO o.a.j.e.u.CompoundVariable: Note: Function class names must contain the string: '.functions.'
2022-10-03 20:17:43,566 INFO o.a.j.e.u.CompoundVariable: Note: Function class names must not contain the string: '.gui.'
2022-10-03 20:17:43,976 INFO o.a.j.g.u.JMeterMenuBar: setRunning(true, *local*)
2022-10-03 20:17:44,204 INFO o.a.j.e.StandardJMeterEngine: Starting ThreadGroup: 1 : Dmoney User API Test
2022-10-03 20:17:44,204 INFO o.a.j.e.StandardJMeterEngine: Starting 1 threads for group Dmoney User API Test.
2022-10-03 20:17:44,205 INFO o.a.j.e.StandardJMeterEngine: Thread will continue on error
2022-10-03 20:17:44,205 INFO o.a.j.t.ThreadGroup: Starting thread group... number=1 threads=1 ramp-up=1 delayedStart=false
2022-10-03 20:17:44,214 INFO o.a.j.t.ThreadGroup: Started thread group number 1
2022-10-03 20:17:44,214 INFO o.a.j.e.StandardJMeterEngine: All thread groups have been started
2022-10-03 20:17:44,222 INFO o.a.j.t.JMeterThread: Thread started: Dmoney User API Test 1-1
2022-10-03 20:17:44,252 INFO o.a.j.p.h.s.HTTPHCAbstractImpl: Local host = DESKTOP-VO1IANP
2022-10-03 20:17:44,265 INFO o.a.j.p.h.s.HTTPHC4Impl: HTTP request retry count = 0
2022-10-03 20:17:51,627 INFO o.a.j.t.JMeterThread: Thread is done: Dmoney User API Test 1-1
2022-10-03 20:17:51,627 INFO o.a.j.t.JMeterThread: Thread finished: Dmoney User API Test 1-1
2022-10-03 20:17:51,628 INFO o.a.j.e.StandardJMeterEngine: Notifying test listeners of end of test
2022-10-03 20:17:51,629 INFO o.a.j.g.u.JMeterMenuBar: setRunning(false, *local*)
2022-10-03 20:18:38,257 INFO o.a.j.g.JMeterUIDefaults: Applying font scale factor: 1.1
